0 info it worked if it ends with ok
1 verbose cli [ '/usr/local/bin/node',
1 verbose cli   '/Users/eladzlot/npm/bin/npm',
1 verbose cli   'run',
1 verbose cli   'sass' ]
2 info using npm@4.1.1
3 info using node@v4.2.4
4 verbose stack Error: missing script: sass
4 verbose stack     at run (/Users/eladzlot/npm/lib/node_modules/npm/lib/run-script.js:151:19)
4 verbose stack     at /Users/eladzlot/npm/lib/node_modules/npm/lib/run-script.js:61:5
4 verbose stack     at /Users/eladzlot/npm/lib/node_modules/npm/node_modules/read-package-json/read-json.js:356:5
4 verbose stack     at checkBinReferences_ (/Users/eladzlot/npm/lib/node_modules/npm/node_modules/read-package-json/read-json.js:320:45)
4 verbose stack     at final (/Users/eladzlot/npm/lib/node_modules/npm/node_modules/read-package-json/read-json.js:354:3)
4 verbose stack     at then (/Users/eladzlot/npm/lib/node_modules/npm/node_modules/read-package-json/read-json.js:124:5)
4 verbose stack     at /Users/eladzlot/npm/lib/node_modules/npm/node_modules/read-package-json/read-json.js:311:12
4 verbose stack     at /Users/eladzlot/npm/lib/node_modules/npm/node_modules/graceful-fs/graceful-fs.js:78:16
4 verbose stack     at FSReqWrap.readFileAfterClose [as oncomplete] (fs.js:380:3)
5 verbose cwd /Users/eladzlot/www/pip/src/js
6 error Darwin 15.6.0
7 error argv "/usr/local/bin/node" "/Users/eladzlot/npm/bin/npm" "run" "sass"
8 error node v4.2.4
9 error npm  v4.1.1
10 error missing script: sass
11 error If you need help, you may report this error at:
11 error     <https://github.com/npm/npm/issues>
12 verbose exit [ 1, true ]
